-Xajruntimetarget:1.5
-1.8
-encoding
UTF-8
-showWeaveInfo
-source
1.8
-target
1.8
-classpath
C:\Users\chetanya.goyal\.m2\repository\org\aspectj\aspectjrt\1.8.13\aspectjrt-1.8.13.jar;C:\Users\chetanya.goyal\.m2\repository\org\seleniumhq\selenium\selenium-server\3.141.59\selenium-server-3.141.59.jar;C:\Users\chetanya.goyal\.m2\repository\com\spotify\docker-client\8.14.3\docker-client-8.14.3.jar;C:\Users\chetanya.goyal\.m2\repository\io\fabric8\openshift-client\4.1.0\openshift-client-4.1.0.jar;C:\Users\chetanya.goyal\.m2\repository\ch\qos\logback\logback-core\1.2.3\logback-core-1.2.3.jar;C:\Users\chetanya.goyal\.m2\repository\ch\qos\logback\logback-classic\1.2.3\logback-classic-1.2.3.jar;C:\Users\chetanya.goyal\.m2\repository\ch\qos\logback\logback-access\1.2.3\logback-access-1.2.3.jar;C:\Users\chetanya.goyal\.m2\repository\org\slf4j\jul-to-slf4j\1.7.25\jul-to-slf4j-1.7.25.jar;C:\Users\chetanya.goyal\.m2\repository\org\slf4j\slf4j-simple\1.7.25\slf4j-simple-1.7.25.jar;C:\Users\chetanya.goyal\.m2\repository\net\logstash\logback\logstash-logback-encoder\5.2\logstash-logback-encoder-5.2.jar;C:\Users\chetanya.goyal\.m2\repository\io\prometheus\simpleclient\0.5.0\simpleclient-0.5.0.jar;C:\Users\chetanya.goyal\.m2\repository\io\prometheus\simpleclient_hotspot\0.5.0\simpleclient_hotspot-0.5.0.jar;C:\Users\chetanya.goyal\.m2\repository\io\prometheus\simpleclient_servlet\0.5.0\simpleclient_servlet-0.5.0.jar;C:\Users\chetanya.goyal\.m2\repository\io\prometheus\simpleclient_jetty\0.5.0\simpleclient_jetty-0.5.0.jar;C:\Users\chetanya.goyal\.m2\repository\org\eclipse\jetty\jetty-server\9.4.12.v20180830\jetty-server-9.4.12.v20180830.jar;C:\Users\chetanya.goyal\.m2\repository\io\fabric8\openshift-server-mock\4.1.0\openshift-server-mock-4.1.0.jar;C:\Users\chetanya.goyal\.m2\repository\de\vandermeer\asciitable\0.3.2\asciitable-0.3.2.jar;C:\Users\chetanya.goyal\.m2\repository\com\google\code\gson\gson\2.8.5\gson-2.8.5.jar;C:\Users\chetanya.goyal\.m2\repository\org\apache\httpcomponents\httpmime\4.5.6\httpmime-4.5.6.jar;C:\Users\chetanya.goyal\.m2\repository\junit\junit\4.12\junit-4.12.jar;C:\Users\chetanya.goyal\.m2\repository\org\mockito\mockito-core\2.23.0\mockito-core-2.23.0.jar;C:\Users\chetanya.goyal\.m2\repository\org\testng\testng\6.14.3\testng-6.14.3.jar;C:\Users\chetanya.goyal\.m2\repository\org\awaitility\awaitility\3.1.2\awaitility-3.1.2.jar;C:\Users\chetanya.goyal\.m2\repository\org\seleniumhq\selenium\selenium-java\3.141.59\selenium-java-3.141.59.jar;C:\Users\chetanya.goyal\.m2\repository\org\seleniumhq\selenium\selenium-api\3.141.59\selenium-api-3.141.59.jar;C:\Users\chetanya.goyal\.m2\repository\org\seleniumhq\selenium\selenium-chrome-driver\3.141.59\selenium-chrome-driver-3.141.59.jar;C:\Users\chetanya.goyal\.m2\repository\org\seleniumhq\selenium\selenium-edge-driver\3.141.59\selenium-edge-driver-3.141.59.jar;C:\Users\chetanya.goyal\.m2\repository\org\seleniumhq\selenium\selenium-firefox-driver\3.141.59\selenium-firefox-driver-3.141.59.jar;C:\Users\chetanya.goyal\.m2\repository\org\seleniumhq\selenium\selenium-ie-driver\3.141.59\selenium-ie-driver-3.141.59.jar;C:\Users\chetanya.goyal\.m2\repository\org\seleniumhq\selenium\selenium-opera-driver\3.141.59\selenium-opera-driver-3.141.59.jar;C:\Users\chetanya.goyal\.m2\repository\org\seleniumhq\selenium\selenium-remote-driver\3.141.59\selenium-remote-driver-3.141.59.jar;C:\Users\chetanya.goyal\.m2\repository\org\seleniumhq\selenium\selenium-safari-driver\3.141.59\selenium-safari-driver-3.141.59.jar;C:\Users\chetanya.goyal\.m2\repository\org\seleniumhq\selenium\selenium-support\3.141.59\selenium-support-3.141.59.jar;C:\Users\chetanya.goyal\.m2\repository\com\beust\jcommander\1.72\jcommander-1.72.jar;C:\Users\chetanya.goyal\.m2\repository\net\bytebuddy\byte-buddy\1.8.15\byte-buddy-1.8.15.jar;C:\Users\chetanya.goyal\.m2\repository\org\apache\commons\commons-exec\1.3\commons-exec-1.3.jar;C:\Users\chetanya.goyal\.m2\repository\com\google\guava\guava\25.0-jre\guava-25.0-jre.jar;C:\Users\chetanya.goyal\.m2\repository\com\google\code\findbugs\jsr305\1.3.9\jsr305-1.3.9.jar;C:\Users\chetanya.goyal\.m2\repository\org\checkerframework\checker-compat-qual\2.0.0\checker-compat-qual-2.0.0.jar;C:\Users\chetanya.goyal\.m2\repository\com\google\errorprone\error_prone_annotations\2.1.3\error_prone_annotations-2.1.3.jar;C:\Users\chetanya.goyal\.m2\repository\com\google\j2objc\j2objc-annotations\1.1\j2objc-annotations-1.1.jar;C:\Users\chetanya.goyal\.m2\repository\org\codehaus\mojo\animal-sniffer-annotations\1.14\animal-sniffer-annotations-1.14.jar;C:\Users\chetanya.goyal\.m2\repository\net\jcip\jcip-annotations\1.0\jcip-annotations-1.0.jar;C:\Users\chetanya.goyal\.m2\repository\org\seleniumhq\selenium\jetty-repacked\9.4.12.v20180830\jetty-repacked-9.4.12.v20180830.jar;C:\Users\chetanya.goyal\.m2\repository\com\squareup\okhttp3\okhttp\3.11.0\okhttp-3.11.0.jar;C:\Users\chetanya.goyal\.m2\repository\com\squareup\okio\okio\1.14.0\okio-1.14.0.jar;C:\Users\chetanya.goyal\.m2\repository\javax\servlet\javax.servlet-api\3.1.0\javax.servlet-api-3.1.0.jar;C:\Users\chetanya.goyal\.m2\repository\org\yaml\snakeyaml\1.19\snakeyaml-1.19.jar;C:\Users\chetanya.goyal\.m2\repository\com\fasterxml\jackson\jaxrs\jackson-jaxrs-json-provider\2.9.6\jackson-jaxrs-json-provider-2.9.6.jar;C:\Users\chetanya.goyal\.m2\repository\com\fasterxml\jackson\jaxrs\jackson-jaxrs-base\2.9.6\jackson-jaxrs-base-2.9.6.jar;C:\Users\chetanya.goyal\.m2\repository\com\fasterxml\jackson\module\jackson-module-jaxb-annotations\2.9.6\jackson-module-jaxb-annotations-2.9.6.jar;C:\Users\chetanya.goyal\.m2\repository\com\fasterxml\jackson\datatype\jackson-datatype-guava\2.9.6\jackson-datatype-guava-2.9.6.jar;C:\Users\chetanya.goyal\.m2\repository\com\fasterxml\jackson\core\jackson-core\2.9.6\jackson-core-2.9.6.jar;C:\Users\chetanya.goyal\.m2\repository\com\fasterxml\jackson\core\jackson-databind\2.9.6\jackson-databind-2.9.6.jar;C:\Users\chetanya.goyal\.m2\repository\com\fasterxml\jackson\core\jackson-annotations\2.9.0\jackson-annotations-2.9.0.jar;C:\Users\chetanya.goyal\.m2\repository\org\glassfish\jersey\core\jersey-client\2.22.2\jersey-client-2.22.2.jar;C:\Users\chetanya.goyal\.m2\repository\javax\ws\rs\javax.ws.rs-api\2.0.1\javax.ws.rs-api-2.0.1.jar;C:\Users\chetanya.goyal\.m2\repository\org\glassfish\jersey\core\jersey-common\2.22.2\jersey-common-2.22.2.jar;C:\Users\chetanya.goyal\.m2\repository\javax\annotation\javax.annotation-api\1.2\javax.annotation-api-1.2.jar;C:\Users\chetanya.goyal\.m2\repository\org\glassfish\jersey\bundles\repackaged\jersey-guava\2.22.2\jersey-guava-2.22.2.jar;C:\Users\chetanya.goyal\.m2\repository\org\glassfish\hk2\osgi-resource-locator\1.0.1\osgi-resource-locator-1.0.1.jar;C:\Users\chetanya.goyal\.m2\repository\org\glassfish\hk2\hk2-api\2.4.0-b34\hk2-api-2.4.0-b34.jar;C:\Users\chetanya.goyal\.m2\repository\org\glassfish\hk2\hk2-utils\2.4.0-b34\hk2-utils-2.4.0-b34.jar;C:\Users\chetanya.goyal\.m2\repository\org\glassfish\hk2\external\aopalliance-repackaged\2.4.0-b34\aopalliance-repackaged-2.4.0-b34.jar;C:\Users\chetanya.goyal\.m2\repository\org\glassfish\hk2\external\javax.inject\2.4.0-b34\javax.inject-2.4.0-b34.jar;C:\Users\chetanya.goyal\.m2\repository\org\glassfish\hk2\hk2-locator\2.4.0-b34\hk2-locator-2.4.0-b34.jar;C:\Users\chetanya.goyal\.m2\repository\org\javassist\javassist\3.18.1-GA\javassist-3.18.1-GA.jar;C:\Users\chetanya.goyal\.m2\repository\org\glassfish\jersey\connectors\jersey-apache-connector\2.22.2\jersey-apache-connector-2.22.2.jar;C:\Users\chetanya.goyal\.m2\repository\org\glassfish\jersey\media\jersey-media-json-jackson\2.22.2\jersey-media-json-jackson-2.22.2.jar;C:\Users\chetanya.goyal\.m2\repository\org\glassfish\jersey\ext\jersey-entity-filtering\2.22.2\jersey-entity-filtering-2.22.2.jar;C:\Users\chetanya.goyal\.m2\repository\javax\activation\activation\1.1\activation-1.1.jar;C:\Users\chetanya.goyal\.m2\repository\org\apache\commons\commons-compress\1.18\commons-compress-1.18.jar;C:\Users\chetanya.goyal\.m2\repository\commons-io\commons-io\2.5\commons-io-2.5.jar;C:\Users\chetanya.goyal\.m2\repository\org\apache\httpcomponents\httpclient\4.5\httpclient-4.5.jar;C:\Users\chetanya.goyal\.m2\repository\commons-logging\commons-logging\1.2\commons-logging-1.2.jar;C:\Users\chetanya.goyal\.m2\repository\commons-codec\commons-codec\1.9\commons-codec-1.9.jar;C:\Users\chetanya.goyal\.m2\repository\org\apache\httpcomponents\httpcore\4.4.5\httpcore-4.4.5.jar;C:\Users\chetanya.goyal\.m2\repository\com\github\jnr\jnr-unixsocket\0.18\jnr-unixsocket-0.18.jar;C:\Users\chetanya.goyal\.m2\repository\com\github\jnr\jnr-ffi\2.1.4\jnr-ffi-2.1.4.jar;C:\Users\chetanya.goyal\.m2\repository\com\github\jnr\jffi\1.2.15\jffi-1.2.15.jar;C:\Users\chetanya.goyal\.m2\repository\org\ow2\asm\asm\5.0.3\asm-5.0.3.jar;C:\Users\chetanya.goyal\.m2\repository\org\ow2\asm\asm-commons\5.0.3\asm-commons-5.0.3.jar;C:\Users\chetanya.goyal\.m2\repository\org\ow2\asm\asm-analysis\5.0.3\asm-analysis-5.0.3.jar;C:\Users\chetanya.goyal\.m2\repository\org\ow2\asm\asm-tree\5.0.3\asm-tree-5.0.3.jar;C:\Users\chetanya.goyal\.m2\repository\org\ow2\asm\asm-util\5.0.3\asm-util-5.0.3.jar;C:\Users\chetanya.goyal\.m2\repository\com\github\jnr\jnr-x86asm\1.0.2\jnr-x86asm-1.0.2.jar;C:\Users\chetanya.goyal\.m2\repository\com\github\jnr\jnr-constants\0.9.8\jnr-constants-0.9.8.jar;C:\Users\chetanya.goyal\.m2\repository\com\github\jnr\jnr-enxio\0.16\jnr-enxio-0.16.jar;C:\Users\chetanya.goyal\.m2\repository\com\github\jnr\jnr-posix\3.0.35\jnr-posix-3.0.35.jar;C:\Users\chetanya.goyal\.m2\repository\commons-lang\commons-lang\2.6\commons-lang-2.6.jar;C:\Users\chetanya.goyal\.m2\repository\org\bouncycastle\bcpkix-jdk15on\1.59\bcpkix-jdk15on-1.59.jar;C:\Users\chetanya.goyal\.m2\repository\org\bouncycastle\bcprov-jdk15on\1.59\bcprov-jdk15on-1.59.jar;C:\Users\chetanya.goyal\.m2\repository\io\fabric8\kubernetes-client\4.1.0\kubernetes-client-4.1.0.jar;C:\Users\chetanya.goyal\.m2\repository\io\fabric8\kubernetes-model\4.1.0\kubernetes-model-4.1.0.jar;C:\Users\chetanya.goyal\.m2\repository\javax\validation\validation-api\1.1.0.Final\validation-api-1.1.0.Final.jar;C:\Users\chetanya.goyal\.m2\repository\com\squareup\okhttp3\logging-interceptor\3.9.1\logging-interceptor-3.9.1.jar;C:\Users\chetanya.goyal\.m2\repository\com\fasterxml\jackson\dataformat\jackson-dataformat-yaml\2.7.7\jackson-dataformat-yaml-2.7.7.jar;C:\Users\chetanya.goyal\.m2\repository\io\fabric8\zjsonpatch\0.3.0\zjsonpatch-0.3.0.jar;C:\Users\chetanya.goyal\.m2\repository\com\github\mifmif\generex\1.0.1\generex-1.0.1.jar;C:\Users\chetanya.goyal\.m2\repository\dk\brics\automaton\automaton\1.11-8\automaton-1.11-8.jar;C:\Users\chetanya.goyal\.m2\repository\org\slf4j\slf4j-api\1.7.25\slf4j-api-1.7.25.jar;C:\Users\chetanya.goyal\.m2\repository\io\prometheus\simpleclient_common\0.5.0\simpleclient_common-0.5.0.jar;C:\Users\chetanya.goyal\.m2\repository\org\eclipse\jetty\jetty-http\9.4.12.v20180830\jetty-http-9.4.12.v20180830.jar;C:\Users\chetanya.goyal\.m2\repository\org\eclipse\jetty\jetty-util\9.4.12.v20180830\jetty-util-9.4.12.v20180830.jar;C:\Users\chetanya.goyal\.m2\repository\org\eclipse\jetty\jetty-io\9.4.12.v20180830\jetty-io-9.4.12.v20180830.jar;C:\Users\chetanya.goyal\.m2\repository\de\vandermeer\ascii-utf-themes\0.0.1\ascii-utf-themes-0.0.1.jar;C:\Users\chetanya.goyal\.m2\repository\de\vandermeer\skb-interfaces\0.0.1\skb-interfaces-0.0.1.jar;C:\Users\chetanya.goyal\.m2\repository\org\apache\commons\commons-lang3\3.4\commons-lang3-3.4.jar;C:\Users\chetanya.goyal\.m2\repository\org\antlr\ST4\4.0.8\ST4-4.0.8.jar;C:\Users\chetanya.goyal\.m2\repository\org\antlr\antlr-runtime\3.5.2\antlr-runtime-3.5.2.jar;C:\Users\chetanya.goyal\.m2\repository\org\antlr\antlr4\4.5.1\antlr4-4.5.1.jar;C:\Users\chetanya.goyal\.m2\repository\de\vandermeer\char-translation\0.0.2\char-translation-0.0.2.jar;C:\Users\chetanya.goyal\git\zalenium-master\target\classes
-inpath
C:\Users\chetanya.goyal\.m2\repository\org\seleniumhq\selenium\selenium-server\3.141.59\selenium-server-3.141.59.jar
-d
C:\Users\chetanya.goyal\git\zalenium-master\target\classes
C:\Users\chetanya.goyal\git\zalenium-master\src\main\java\de\zalando\ep\zalenium\aspect\HubAspect.aj
C:\Users\chetanya.goyal\git\zalenium-master\src\main\java\de\zalando\ep\zalenium\container\ContainerClient.java
C:\Users\chetanya.goyal\git\zalenium-master\src\main\java\de\zalando\ep\zalenium\container\ContainerClientRegistration.java
C:\Users\chetanya.goyal\git\zalenium-master\src\main\java\de\zalando\ep\zalenium\container\ContainerCreationStatus.java
C:\Users\chetanya.goyal\git\zalenium-master\src\main\java\de\zalando\ep\zalenium\container\ContainerFactory.java
C:\Users\chetanya.goyal\git\zalenium-master\src\main\java\de\zalando\ep\zalenium\container\DockerContainerClient.java
C:\Users\chetanya.goyal\git\zalenium-master\src\main\java\de\zalando\ep\zalenium\container\kubernetes\KubernetesContainerClient.java
C:\Users\chetanya.goyal\git\zalenium-master\src\main\java\de\zalando\ep\zalenium\container\kubernetes\PodConfiguration.java
C:\Users\chetanya.goyal\git\zalenium-master\src\main\java\de\zalando\ep\zalenium\dashboard\Dashboard.java
C:\Users\chetanya.goyal\git\zalenium-master\src\main\java\de\zalando\ep\zalenium\dashboard\DashboardCleanupServlet.java
C:\Users\chetanya.goyal\git\zalenium-master\src\main\java\de\zalando\ep\zalenium\dashboard\DashboardCollection.java
C:\Users\chetanya.goyal\git\zalenium-master\src\main\java\de\zalando\ep\zalenium\dashboard\DashboardInformationServlet.java
C:\Users\chetanya.goyal\git\zalenium-master\src\main\java\de\zalando\ep\zalenium\dashboard\DashboardInterface.java
C:\Users\chetanya.goyal\git\zalenium-master\src\main\java\de\zalando\ep\zalenium\dashboard\remote\FormField.java
C:\Users\chetanya.goyal\git\zalenium-master\src\main\java\de\zalando\ep\zalenium\dashboard\remote\FormFile.java
C:\Users\chetanya.goyal\git\zalenium-master\src\main\java\de\zalando\ep\zalenium\dashboard\remote\FormKeyValuePair.java
C:\Users\chetanya.goyal\git\zalenium-master\src\main\java\de\zalando\ep\zalenium\dashboard\remote\FormPoster.java
C:\Users\chetanya.goyal\git\zalenium-master\src\main\java\de\zalando\ep\zalenium\dashboard\remote\RemoteDashboard.java
C:\Users\chetanya.goyal\git\zalenium-master\src\main\java\de\zalando\ep\zalenium\dashboard\remote\RemoteDriverLogDashboard.java
C:\Users\chetanya.goyal\git\zalenium-master\src\main\java\de\zalando\ep\zalenium\dashboard\remote\RemoteSeleniumLogDashboard.java
C:\Users\chetanya.goyal\git\zalenium-master\src\main\java\de\zalando\ep\zalenium\dashboard\remote\RemoteVideoDashboard.java
C:\Users\chetanya.goyal\git\zalenium-master\src\main\java\de\zalando\ep\zalenium\dashboard\TestInformation.java
C:\Users\chetanya.goyal\git\zalenium-master\src\main\java\de\zalando\ep\zalenium\matcher\DockerSeleniumCapabilityMatcher.java
C:\Users\chetanya.goyal\git\zalenium-master\src\main\java\de\zalando\ep\zalenium\matcher\ZaleniumCapabilityMatcher.java
C:\Users\chetanya.goyal\git\zalenium-master\src\main\java\de\zalando\ep\zalenium\matcher\ZaleniumCapabilityType.java
C:\Users\chetanya.goyal\git\zalenium-master\src\main\java\de\zalando\ep\zalenium\prometheus\ContainerStatusCollectorExports.java
C:\Users\chetanya.goyal\git\zalenium-master\src\main\java\de\zalando\ep\zalenium\prometheus\TestSessionCollectorExports.java
C:\Users\chetanya.goyal\git\zalenium-master\src\main\java\de\zalando\ep\zalenium\proxy\AutoStartProxySet.java
C:\Users\chetanya.goyal\git\zalenium-master\src\main\java\de\zalando\ep\zalenium\proxy\BrowserStackRemoteProxy.java
C:\Users\chetanya.goyal\git\zalenium-master\src\main\java\de\zalando\ep\zalenium\proxy\CloudTestingRemoteProxy.java
C:\Users\chetanya.goyal\git\zalenium-master\src\main\java\de\zalando\ep\zalenium\proxy\DockeredSeleniumStarter.java
C:\Users\chetanya.goyal\git\zalenium-master\src\main\java\de\zalando\ep\zalenium\proxy\DockerSeleniumRemoteProxy.java
C:\Users\chetanya.goyal\git\zalenium-master\src\main\java\de\zalando\ep\zalenium\proxy\SauceLabsRemoteProxy.java
C:\Users\chetanya.goyal\git\zalenium-master\src\main\java\de\zalando\ep\zalenium\proxy\SessionRequestFilter.java
C:\Users\chetanya.goyal\git\zalenium-master\src\main\java\de\zalando\ep\zalenium\proxy\TestingBotRemoteProxy.java
C:\Users\chetanya.goyal\git\zalenium-master\src\main\java\de\zalando\ep\zalenium\registry\ZaleniumRegistry.java
C:\Users\chetanya.goyal\git\zalenium-master\src\main\java\de\zalando\ep\zalenium\service\VideosDetails.java
C:\Users\chetanya.goyal\git\zalenium-master\src\main\java\de\zalando\ep\zalenium\servlet\LivePreviewServlet.java
C:\Users\chetanya.goyal\git\zalenium-master\src\main\java\de\zalando\ep\zalenium\servlet\renderer\CloudProxyHtmlRenderer.java
C:\Users\chetanya.goyal\git\zalenium-master\src\main\java\de\zalando\ep\zalenium\servlet\renderer\LiveNodeHtmlRenderer.java
C:\Users\chetanya.goyal\git\zalenium-master\src\main\java\de\zalando\ep\zalenium\servlet\renderer\TemplateRenderer.java
C:\Users\chetanya.goyal\git\zalenium-master\src\main\java\de\zalando\ep\zalenium\servlet\VideoServlet.java
C:\Users\chetanya.goyal\git\zalenium-master\src\main\java\de\zalando\ep\zalenium\servlet\VncAuthenticationServlet.java
C:\Users\chetanya.goyal\git\zalenium-master\src\main\java\de\zalando\ep\zalenium\servlet\WindowsDashboardServlet.java
C:\Users\chetanya.goyal\git\zalenium-master\src\main\java\de\zalando\ep\zalenium\servlet\ZaleniumConsoleServlet.java
C:\Users\chetanya.goyal\git\zalenium-master\src\main\java\de\zalando\ep\zalenium\servlet\ZaleniumResourceServlet.java
C:\Users\chetanya.goyal\git\zalenium-master\src\main\java\de\zalando\ep\zalenium\util\CommonProxyUtilities.java
C:\Users\chetanya.goyal\git\zalenium-master\src\main\java\de\zalando\ep\zalenium\util\Environment.java
C:\Users\chetanya.goyal\git\zalenium-master\src\main\java\de\zalando\ep\zalenium\util\GoogleAnalyticsApi.java
C:\Users\chetanya.goyal\git\zalenium-master\src\main\java\de\zalando\ep\zalenium\util\MockedRequestHandler.java
C:\Users\chetanya.goyal\git\zalenium-master\src\main\java\de\zalando\ep\zalenium\util\ProcessedCapabilities.java
C:\Users\chetanya.goyal\git\zalenium-master\src\main\java\de\zalando\ep\zalenium\util\ZaleniumConfiguration.java
